ERROR - 2024-09-25 19:20:39 --> mysqli_sql_exception: You have an error in your SQL syntax; check the manual that corresponds to your MariaDB server version for the right syntax to use near 'NOT NULL,
	`update_at` DATATIME NOT NULL,
	`deleted_at` DATATIME NOT NULL,
	C...' at line 9 in C:\xampp\htdocs\conecta_system\system\Database\MySQLi\Connection.php:312
Stack trace:
#0 C:\xampp\htdocs\conecta_system\system\Database\MySQLi\Connection.php(312): mysqli->query('CREATE TABLE `p...', 0)
#1 C:\xampp\htdocs\conecta_system\system\Database\BaseConnection.php(734): CodeIgniter\Database\MySQLi\Connection->execute('CREATE TABLE `p...')
#2 C:\xampp\htdocs\conecta_system\system\Database\BaseConnection.php(648): CodeIgniter\Database\BaseConnection->simpleQuery('CREATE TABLE `p...')
#3 C:\xampp\htdocs\conecta_system\system\Database\Forge.php(570): CodeIgniter\Database\BaseConnection->query('CREATE TABLE `p...')
#4 C:\xampp\htdocs\conecta_system\app\Database\Migrations\2024-09-25-183347_Produtos.php(49): CodeIgniter\Database\Forge->createTable('produtos')
#5 C:\xampp\htdocs\conecta_system\system\Database\MigrationRunner.php(867): App\Database\Migrations\Produtos->up()
#6 C:\xampp\htdocs\conecta_system\system\Database\MigrationRunner.php(183): CodeIgniter\Database\MigrationRunner->migrate('up', Object(stdClass))
#7 C:\xampp\htdocs\conecta_system\system\Commands\Database\Migrate.php(85): CodeIgniter\Database\MigrationRunner->latest(NULL)
#8 C:\xampp\htdocs\conecta_system\system\CLI\Commands.php(70): CodeIgniter\Commands\Database\Migrate->run(Array)
#9 C:\xampp\htdocs\conecta_system\system\CLI\Console.php(48): CodeIgniter\CLI\Commands->run('migrate', Array)
#10 C:\xampp\htdocs\conecta_system\system\Boot.php(351): CodeIgniter\CLI\Console->run()
#11 C:\xampp\htdocs\conecta_system\system\Boot.php(104): CodeIgniter\Boot::runCommand(Object(CodeIgniter\CLI\Console))
#12 C:\xampp\htdocs\conecta_system\spark(84): CodeIgniter\Boot::bootSpark(Object(Config\Paths))
#13 {main}
ERROR - 2024-09-25 19:28:05 --> mysqli_sql_exception: Invalid default value for 'created_at' in C:\xampp\htdocs\conecta_system\system\Database\MySQLi\Connection.php:312
Stack trace:
#0 C:\xampp\htdocs\conecta_system\system\Database\MySQLi\Connection.php(312): mysqli->query('CREATE TABLE `p...', 0)
#1 C:\xampp\htdocs\conecta_system\system\Database\BaseConnection.php(734): CodeIgniter\Database\MySQLi\Connection->execute('CREATE TABLE `p...')
#2 C:\xampp\htdocs\conecta_system\system\Database\BaseConnection.php(648): CodeIgniter\Database\BaseConnection->simpleQuery('CREATE TABLE `p...')
#3 C:\xampp\htdocs\conecta_system\system\Database\Forge.php(570): CodeIgniter\Database\BaseConnection->query('CREATE TABLE `p...')
#4 C:\xampp\htdocs\conecta_system\app\Database\Migrations\2024-09-25-183347_Produtos.php(53): CodeIgniter\Database\Forge->createTable('produtos')
#5 C:\xampp\htdocs\conecta_system\system\Database\MigrationRunner.php(867): App\Database\Migrations\Produtos->up()
#6 C:\xampp\htdocs\conecta_system\system\Database\MigrationRunner.php(183): CodeIgniter\Database\MigrationRunner->migrate('up', Object(stdClass))
#7 C:\xampp\htdocs\conecta_system\system\Commands\Database\Migrate.php(85): CodeIgniter\Database\MigrationRunner->latest(NULL)
#8 C:\xampp\htdocs\conecta_system\system\CLI\Commands.php(70): CodeIgniter\Commands\Database\Migrate->run(Array)
#9 C:\xampp\htdocs\conecta_system\system\CLI\Console.php(48): CodeIgniter\CLI\Commands->run('migrate', Array)
#10 C:\xampp\htdocs\conecta_system\system\Boot.php(351): CodeIgniter\CLI\Console->run()
#11 C:\xampp\htdocs\conecta_system\system\Boot.php(104): CodeIgniter\Boot::runCommand(Object(CodeIgniter\CLI\Console))
#12 C:\xampp\htdocs\conecta_system\spark(84): CodeIgniter\Boot::bootSpark(Object(Config\Paths))
#13 {main}
ERROR - 2024-09-25 20:18:54 --> Error connecting to the database: mysqli_sql_exception: Nenhuma conexão pôde ser feita porque a máquina de destino as recusou ativamente in C:\xampp\htdocs\conecta_system\system\Database\MySQLi\Connection.php:187
Stack trace:
#0 C:\xampp\htdocs\conecta_system\system\Database\MySQLi\Connection.php(187): mysqli->real_connect('localhost', 'root', '', 'conecta', 3306, '', 0)
#1 C:\xampp\htdocs\conecta_system\system\Database\BaseConnection.php(421): CodeIgniter\Database\MySQLi\Connection->connect(false)
#2 C:\xampp\htdocs\conecta_system\system\Database\BaseConnection.php(616): CodeIgniter\Database\BaseConnection->initialize()
#3 C:\xampp\htdocs\conecta_system\system\Database\BaseConnection.php(1485): CodeIgniter\Database\BaseConnection->query('SHOW TABLES FRO...')
#4 C:\xampp\htdocs\conecta_system\system\Database\BaseConnection.php(1505): CodeIgniter\Database\BaseConnection->listTables()
#5 C:\xampp\htdocs\conecta_system\system\Database\MigrationRunner.php(759): CodeIgniter\Database\BaseConnection->tableExists('migrations')
#6 C:\xampp\htdocs\conecta_system\system\Database\MigrationRunner.php(163): CodeIgniter\Database\MigrationRunner->ensureTable()
#7 C:\xampp\htdocs\conecta_system\system\Commands\Database\Migrate.php(85): CodeIgniter\Database\MigrationRunner->latest(NULL)
#8 C:\xampp\htdocs\conecta_system\system\CLI\Commands.php(70): CodeIgniter\Commands\Database\Migrate->run(Array)
#9 C:\xampp\htdocs\conecta_system\system\CLI\Console.php(48): CodeIgniter\CLI\Commands->run('migrate', Array)
#10 C:\xampp\htdocs\conecta_system\system\Boot.php(351): CodeIgniter\CLI\Console->run()
#11 C:\xampp\htdocs\conecta_system\system\Boot.php(104): CodeIgniter\Boot::runCommand(Object(CodeIgniter\CLI\Console))
#12 C:\xampp\htdocs\conecta_system\spark(84): CodeIgniter\Boot::bootSpark(Object(Config\Paths))
#13 {main}

Next CodeIgniter\Database\Exceptions\DatabaseException: Nenhuma conexão pôde ser feita porque a máquina de destino as recusou ativamente in C:\xampp\htdocs\conecta_system\system\Database\MySQLi\Connection.php:231
Stack trace:
#0 C:\xampp\htdocs\conecta_system\system\Database\BaseConnection.php(421): CodeIgniter\Database\MySQLi\Connection->connect(false)
#1 C:\xampp\htdocs\conecta_system\system\Database\BaseConnection.php(616): CodeIgniter\Database\BaseConnection->initialize()
#2 C:\xampp\htdocs\conecta_system\system\Database\BaseConnection.php(1485): CodeIgniter\Database\BaseConnection->query('SHOW TABLES FRO...')
#3 C:\xampp\htdocs\conecta_system\system\Database\BaseConnection.php(1505): CodeIgniter\Database\BaseConnection->listTables()
#4 C:\xampp\htdocs\conecta_system\system\Database\MigrationRunner.php(759): CodeIgniter\Database\BaseConnection->tableExists('migrations')
#5 C:\xampp\htdocs\conecta_system\system\Database\MigrationRunner.php(163): CodeIgniter\Database\MigrationRunner->ensureTable()
#6 C:\xampp\htdocs\conecta_system\system\Commands\Database\Migrate.php(85): CodeIgniter\Database\MigrationRunner->latest(NULL)
#7 C:\xampp\htdocs\conecta_system\system\CLI\Commands.php(70): CodeIgniter\Commands\Database\Migrate->run(Array)
#8 C:\xampp\htdocs\conecta_system\system\CLI\Console.php(48): CodeIgniter\CLI\Commands->run('migrate', Array)
#9 C:\xampp\htdocs\conecta_system\system\Boot.php(351): CodeIgniter\CLI\Console->run()
#10 C:\xampp\htdocs\conecta_system\system\Boot.php(104): CodeIgniter\Boot::runCommand(Object(CodeIgniter\CLI\Console))
#11 C:\xampp\htdocs\conecta_system\spark(84): CodeIgniter\Boot::bootSpark(Object(Config\Paths))
#12 {main}
ERROR - 2024-09-25 20:20:32 --> mysqli_sql_exception: Invalid default value for 'created_at' in C:\xampp\htdocs\conecta_system\system\Database\MySQLi\Connection.php:312
Stack trace:
#0 C:\xampp\htdocs\conecta_system\system\Database\MySQLi\Connection.php(312): mysqli->query('CREATE TABLE `p...', 0)
#1 C:\xampp\htdocs\conecta_system\system\Database\BaseConnection.php(734): CodeIgniter\Database\MySQLi\Connection->execute('CREATE TABLE `p...')
#2 C:\xampp\htdocs\conecta_system\system\Database\BaseConnection.php(648): CodeIgniter\Database\BaseConnection->simpleQuery('CREATE TABLE `p...')
#3 C:\xampp\htdocs\conecta_system\system\Database\Forge.php(570): CodeIgniter\Database\BaseConnection->query('CREATE TABLE `p...')
#4 C:\xampp\htdocs\conecta_system\app\Database\Migrations\2024-09-25-183347_Produtos.php(53): CodeIgniter\Database\Forge->createTable('produtos')
#5 C:\xampp\htdocs\conecta_system\system\Database\MigrationRunner.php(867): App\Database\Migrations\Produtos->up()
#6 C:\xampp\htdocs\conecta_system\system\Database\MigrationRunner.php(183): CodeIgniter\Database\MigrationRunner->migrate('up', Object(stdClass))
#7 C:\xampp\htdocs\conecta_system\system\Commands\Database\Migrate.php(85): CodeIgniter\Database\MigrationRunner->latest(NULL)
#8 C:\xampp\htdocs\conecta_system\system\CLI\Commands.php(70): CodeIgniter\Commands\Database\Migrate->run(Array)
#9 C:\xampp\htdocs\conecta_system\system\CLI\Console.php(48): CodeIgniter\CLI\Commands->run('migrate', Array)
#10 C:\xampp\htdocs\conecta_system\system\Boot.php(351): CodeIgniter\CLI\Console->run()
#11 C:\xampp\htdocs\conecta_system\system\Boot.php(104): CodeIgniter\Boot::runCommand(Object(CodeIgniter\CLI\Console))
#12 C:\xampp\htdocs\conecta_system\spark(84): CodeIgniter\Boot::bootSpark(Object(Config\Paths))
#13 {main}
